{"name": "Get price, description, and offers for a specific TV -- @1.1 ", "status": "broken", "statusDetails": {"message": "selenium.common.exceptions.NoSuchElementException: Message: no such element: Unable to locate element: {\"method\":\"css selector\",\"selector\":\"[id=\"nav-link-accountList-nav-line-1\"]\"}\n  (Session info: chrome=114.0.5735.199); For documentation on this error, please visit: https://www.selenium.dev/documentation/webdriver/troubleshooting/errors#no-such-element-exception\nStacktrace:\nBacktrace:\n\tGetHandleVerifier [0x00C6A813+48355]\n\t(No symbol) [0x00BFC4B1]\n\t(No symbol) [0x00B05358]\n\t(No symbol) [0x00B309A5]\n\t(No symbol) [0x00B30B3B]\n\t(No symbol) [0x00B5E232]\n\t(No symbol) [0x00B4A784]\n\t(No symbol) [0x00B5C922]\n\t(No symbol) [0x00B4A536]\n\t(No symbol) [0x00B282DC]\n\t(No symbol) [0x00B293DD]\n\tGetHandleVerifier [0x00ECAABD+2539405]\n\tGetHandleVerifier [0x00F0A78F+2800735]\n\tGetHandleVerifier [0x00F0456C+2775612]\n\tGetHandleVerifier [0x00CF51E0+616112]\n\t(No symbol) [0x00C05F8C]\n\t(No symbol) [0x00C02328]\n\t(No symbol) [0x00C0240B]\n\t(No symbol) [0x00BF4FF7]\n\tBaseThreadInitThunk [0x750A00C9+25]\n\tRtlGetAppContainerNamedObjectPath [0x76F37B1E+286]\n\tRtlGetAppContainerNamedObjectPath [0x76F37AEE+238]\n\n", "trace": "  File \"C:\\Users\\Amritha\\AppData\\Local\\Programs\\Python\\Python310\\lib\\site-packages\\behave\\model.py\", line 1329, in run\n    match.run(runner.context)\n  File \"C:\\Users\\Amritha\\AppData\\Local\\Programs\\Python\\Python310\\lib\\site-packages\\behave\\matchers.py\", line 98, in run\n    self.func(context, *args, **kwargs)\n  File \"steps\\login.py\", line 73, in step_impl\n    name = context.driver.find_element(By.ID, \"nav-link-accountList-nav-line-1\").text\n  File \"C:\\Users\\Amritha\\AppData\\Local\\Programs\\Python\\Python310\\lib\\site-packages\\selenium\\webdriver\\remote\\webdriver.py\", line 740, in find_element\n    return self.execute(Command.FIND_ELEMENT, {\"using\": by, \"value\": value})[\"value\"]\n  File \"C:\\Users\\Amritha\\AppData\\Local\\Programs\\Python\\Python310\\lib\\site-packages\\selenium\\webdriver\\remote\\webdriver.py\", line 346, in execute\n    self.error_handler.check_response(response)\n  File \"C:\\Users\\Amritha\\AppData\\Local\\Programs\\Python\\Python310\\lib\\site-packages\\selenium\\webdriver\\remote\\errorhandler.py\", line 245, in check_response\n    raise exception_class(message, screen, stacktrace)\n"}, "steps": [{"name": "Given I launch Chrome browser", "status": "passed", "start": 1689491657850, "stop": 1689491659563}, {"name": "When I visit amazon website", "status": "passed", "start": 1689491659564, "stop": 1689491661821}, {"name": "And Amazon homepage is opened successfully", "status": "passed", "start": 1689491661821, "stop": 1689491661901}, {"name": "And I log in with valid phone number or email \"1\" and password \"2\"", "status": "passed", "attachments": [{"source": "afa0a737-b197-4229-950b-9efc22c58332-attachment.txt", "type": "text/plain"}, {"source": "30975402-5e5c-443f-9d81-29891cafbc5d-attachment.attach"}], "start": 1689491661901, "stop": 1689491663544}, {"name": "And I should login successfully with \"3\"", "status": "broken", "statusDetails": {"message": "selenium.common.exceptions.NoSuchElementException: Message: no such element: Unable to locate element: {\"method\":\"css selector\",\"selector\":\"[id=\"nav-link-accountList-nav-line-1\"]\"}\n  (Session info: chrome=114.0.5735.199); For documentation on this error, please visit: https://www.selenium.dev/documentation/webdriver/troubleshooting/errors#no-such-element-exception\nStacktrace:\nBacktrace:\n\tGetHandleVerifier [0x00C6A813+48355]\n\t(No symbol) [0x00BFC4B1]\n\t(No symbol) [0x00B05358]\n\t(No symbol) [0x00B309A5]\n\t(No symbol) [0x00B30B3B]\n\t(No symbol) [0x00B5E232]\n\t(No symbol) [0x00B4A784]\n\t(No symbol) [0x00B5C922]\n\t(No symbol) [0x00B4A536]\n\t(No symbol) [0x00B282DC]\n\t(No symbol) [0x00B293DD]\n\tGetHandleVerifier [0x00ECAABD+2539405]\n\tGetHandleVerifier [0x00F0A78F+2800735]\n\tGetHandleVerifier [0x00F0456C+2775612]\n\tGetHandleVerifier [0x00CF51E0+616112]\n\t(No symbol) [0x00C05F8C]\n\t(No symbol) [0x00C02328]\n\t(No symbol) [0x00C0240B]\n\t(No symbol) [0x00BF4FF7]\n\tBaseThreadInitThunk [0x750A00C9+25]\n\tRtlGetAppContainerNamedObjectPath [0x76F37B1E+286]\n\tRtlGetAppContainerNamedObjectPath [0x76F37AEE+238]\n\n", "trace": "  File \"C:\\Users\\Amritha\\AppData\\Local\\Programs\\Python\\Python310\\lib\\site-packages\\behave\\model.py\", line 1329, in run\n    match.run(runner.context)\n  File \"C:\\Users\\Amritha\\AppData\\Local\\Programs\\Python\\Python310\\lib\\site-packages\\behave\\matchers.py\", line 98, in run\n    self.func(context, *args, **kwargs)\n  File \"steps\\login.py\", line 73, in step_impl\n    name = context.driver.find_element(By.ID, \"nav-link-accountList-nav-line-1\").text\n  File \"C:\\Users\\Amritha\\AppData\\Local\\Programs\\Python\\Python310\\lib\\site-packages\\selenium\\webdriver\\remote\\webdriver.py\", line 740, in find_element\n    return self.execute(Command.FIND_ELEMENT, {\"using\": by, \"value\": value})[\"value\"]\n  File \"C:\\Users\\Amritha\\AppData\\Local\\Programs\\Python\\Python310\\lib\\site-packages\\selenium\\webdriver\\remote\\webdriver.py\", line 346, in execute\n    self.error_handler.check_response(response)\n  File \"C:\\Users\\Amritha\\AppData\\Local\\Programs\\Python\\Python310\\lib\\site-packages\\selenium\\webdriver\\remote\\errorhandler.py\", line 245, in check_response\n    raise exception_class(message, screen, stacktrace)\n"}, "start": 1689491663544, "stop": 1689491663557}, {"name": "And search for the \"SONY 55inch TV\"", "status": "skipped", "start": 1689491663558, "stop": 1689491663558}, {"name": "And click on search button", "status": "skipped", "start": 1689491663558, "stop": 1689491663558}, {"name": "Then find the third product", "status": "skipped", "start": 1689491663558, "stop": 1689491663558}, {"name": "And fetch price of the product", "status": "skipped", "start": 1689491663558, "stop": 1689491663558}, {"name": "And fetch the description of product", "status": "skipped", "start": 1689491663558, "stop": 1689491663558}, {"name": "And click add to cart button", "status": "skipped", "start": 1689491663558, "stop": 1689491663558}, {"name": "And Displays the offers", "status": "skipped", "start": 1689491663558, "stop": 1689491663558}, {"name": "And the user navigates to the reviews section", "status": "skipped", "start": 1689491663558, "stop": 1689491663558}, {"name": "And the user should be able to view the reviews", "status": "skipped", "start": 1689491663558, "stop": 1689491663558}], "parameters": [{"name": "mobileno", "value": "1"}, {"name": "password", "value": "2"}, {"name": "username", "value": "3"}, {"name": "product", "value": "SONY 55inch TV"}], "start": 1689491657850, "stop": 1689491663558, "uuid": "c8af3f2e-82fb-446a-82a9-66412be84476", "historyId": "1874ddec2023c02fb15702354e6e5bbe", "fullName": "Login to Amazon e commerce and product purchase: Get price, description, and offers for a specific TV", "labels": [{"name": "severity", "value": "normal"}, {"name": "feature", "value": "Login to Amazon e commerce and product purchase"}, {"name": "framework", "value": "behave"}, {"name": "language", "value": "cpython3"}]}