{"name": "Get price, description, and offers for a specific TV -- @1.1 ", "status": "broken", "statusDetails": {"message": "selenium.common.exceptions.NoSuchElementException: Message: no such element: Unable to locate element: {\"method\":\"css selector\",\"selector\":\"[id=\"nav-link-accountList-nav-line-1\"]\"}\n  (Session info: chrome=115.0.5790.170); For documentation on this error, please visit: https://www.selenium.dev/documentation/webdriver/troubleshooting/errors#no-such-element-exception\nStacktrace:\nBacktrace:\n\tGetHandleVerifier [0x0109A813+48355]\n\t(No symbol) [0x0102C4B1]\n\t(No symbol) [0x00F35358]\n\t(No symbol) [0x00F609A5]\n\t(No symbol) [0x00F60B3B]\n\t(No symbol) [0x00F8E232]\n\t(No symbol) [0x00F7A784]\n\t(No symbol) [0x00F8C922]\n\t(No symbol) [0x00F7A536]\n\t(No symbol) [0x00F582DC]\n\t(No symbol) [0x00F593DD]\n\tGetHandleVerifier [0x012FAABD+2539405]\n\tGetHandleVerifier [0x0133A78F+2800735]\n\tGetHandleVerifier [0x0133456C+2775612]\n\tGetHandleVerifier [0x011251E0+616112]\n\t(No symbol) [0x01035F8C]\n\t(No symbol) [0x01032328]\n\t(No symbol) [0x0103240B]\n\t(No symbol) [0x01024FF7]\n\tBaseThreadInitThunk [0x754F00C9+25]\n\tRtlGetAppContainerNamedObjectPath [0x773A7B1E+286]\n\tRtlGetAppContainerNamedObjectPath [0x773A7AEE+238]\n\n", "trace": "  File \"C:\\Users\\SINCHANA S\\Amazon Project\\Lib\\site-packages\\behave\\model.py\", line 1329, in run\n    match.run(runner.context)\n  File \"C:\\Users\\SINCHANA S\\Amazon Project\\Lib\\site-packages\\behave\\matchers.py\", line 98, in run\n    self.func(context, *args, **kwargs)\n  File \"features\\steps\\amazon.py\", line 79, in step_impl\n    name1 = context.driver.find_element(By.ID, \"nav-link-accountList-nav-line-1\").text\n            ^^^^^^^^^^^^^^^^^^^^^^^^^^^^^^^^^^^^^^^^^^^^^^^^^^^^^^^^^^^^^^^^^^^^^\n  File \"C:\\Users\\SINCHANA S\\Amazon Project\\Lib\\site-packages\\selenium\\webdriver\\remote\\webdriver.py\", line 740, in find_element\n    return self.execute(Command.FIND_ELEMENT, {\"using\": by, \"value\": value})[\"value\"]\n           ^^^^^^^^^^^^^^^^^^^^^^^^^^^^^^^^^^^^^^^^^^^^^^^^^^^^^^^^^^^^^^^^^\n  File \"C:\\Users\\SINCHANA S\\Amazon Project\\Lib\\site-packages\\selenium\\webdriver\\remote\\webdriver.py\", line 346, in execute\n    self.error_handler.check_response(response)\n  File \"C:\\Users\\SINCHANA S\\Amazon Project\\Lib\\site-packages\\selenium\\webdriver\\remote\\errorhandler.py\", line 245, in check_response\n    raise exception_class(message, screen, stacktrace)\n"}, "steps": [{"name": "Given I launch Chrome browser", "status": "passed", "start": 1691291033949, "stop": 1691291035588}, {"name": "When I visit amazon website", "status": "passed", "start": 1691291035588, "stop": 1691291040222}, {"name": "And Amazon homepage is opened successfully", "status": "passed", "start": 1691291040222, "stop": 1691291040238}, {"name": "And I am on the Amazon e-commerce site", "status": "passed", "start": 1691291040239, "stop": 1691291040239}, {"name": "And I log in with valid phone number or email \"8197213803\" and password \"EwU938!Lh?ues&\"", "status": "passed", "start": 1691291040240, "stop": 1691291044614}, {"name": "And I should login successfully with \"Shinchan\"", "status": "broken", "statusDetails": {"message": "selenium.common.exceptions.NoSuchElementException: Message: no such element: Unable to locate element: {\"method\":\"css selector\",\"selector\":\"[id=\"nav-link-accountList-nav-line-1\"]\"}\n  (Session info: chrome=115.0.5790.170); For documentation on this error, please visit: https://www.selenium.dev/documentation/webdriver/troubleshooting/errors#no-such-element-exception\nStacktrace:\nBacktrace:\n\tGetHandleVerifier [0x0109A813+48355]\n\t(No symbol) [0x0102C4B1]\n\t(No symbol) [0x00F35358]\n\t(No symbol) [0x00F609A5]\n\t(No symbol) [0x00F60B3B]\n\t(No symbol) [0x00F8E232]\n\t(No symbol) [0x00F7A784]\n\t(No symbol) [0x00F8C922]\n\t(No symbol) [0x00F7A536]\n\t(No symbol) [0x00F582DC]\n\t(No symbol) [0x00F593DD]\n\tGetHandleVerifier [0x012FAABD+2539405]\n\tGetHandleVerifier [0x0133A78F+2800735]\n\tGetHandleVerifier [0x0133456C+2775612]\n\tGetHandleVerifier [0x011251E0+616112]\n\t(No symbol) [0x01035F8C]\n\t(No symbol) [0x01032328]\n\t(No symbol) [0x0103240B]\n\t(No symbol) [0x01024FF7]\n\tBaseThreadInitThunk [0x754F00C9+25]\n\tRtlGetAppContainerNamedObjectPath [0x773A7B1E+286]\n\tRtlGetAppContainerNamedObjectPath [0x773A7AEE+238]\n\n", "trace": "  File \"C:\\Users\\SINCHANA S\\Amazon Project\\Lib\\site-packages\\behave\\model.py\", line 1329, in run\n    match.run(runner.context)\n  File \"C:\\Users\\SINCHANA S\\Amazon Project\\Lib\\site-packages\\behave\\matchers.py\", line 98, in run\n    self.func(context, *args, **kwargs)\n  File \"features\\steps\\amazon.py\", line 79, in step_impl\n    name1 = context.driver.find_element(By.ID, \"nav-link-accountList-nav-line-1\").text\n            ^^^^^^^^^^^^^^^^^^^^^^^^^^^^^^^^^^^^^^^^^^^^^^^^^^^^^^^^^^^^^^^^^^^^^\n  File \"C:\\Users\\SINCHANA S\\Amazon Project\\Lib\\site-packages\\selenium\\webdriver\\remote\\webdriver.py\", line 740, in find_element\n    return self.execute(Command.FIND_ELEMENT, {\"using\": by, \"value\": value})[\"value\"]\n           ^^^^^^^^^^^^^^^^^^^^^^^^^^^^^^^^^^^^^^^^^^^^^^^^^^^^^^^^^^^^^^^^^\n  File \"C:\\Users\\SINCHANA S\\Amazon Project\\Lib\\site-packages\\selenium\\webdriver\\remote\\webdriver.py\", line 346, in execute\n    self.error_handler.check_response(response)\n  File \"C:\\Users\\SINCHANA S\\Amazon Project\\Lib\\site-packages\\selenium\\webdriver\\remote\\errorhandler.py\", line 245, in check_response\n    raise exception_class(message, screen, stacktrace)\n"}, "start": 1691291044615, "stop": 1691291044647}, {"name": "And search for the \"sony tv\"", "status": "skipped", "start": 1691291044649, "stop": 1691291044649}, {"name": "And click on search button", "status": "skipped", "start": 1691291044649, "stop": 1691291044650}, {"name": "Then find the third product", "status": "skipped", "start": 1691291044650, "stop": 1691291044650}, {"name": "And fetch price of the product", "status": "skipped", "start": 1691291044650, "stop": 1691291044650}, {"name": "And fetch the description of product", "status": "skipped", "start": 1691291044650, "stop": 1691291044650}, {"name": "And click add to cart button", "status": "skipped", "start": 1691291044650, "stop": 1691291044650}, {"name": "And Displays the offers", "status": "skipped", "start": 1691291044650, "stop": 1691291044650}, {"name": "And the user navigates to the reviews section", "status": "skipped", "start": 1691291044650, "stop": 1691291044650}, {"name": "And the user should be able to view the reviews", "status": "skipped", "start": 1691291044650, "stop": 1691291044650}, {"name": "And send email notification", "status": "broken", "statusDetails": {"message": "\nYou can implement step definitions for undefined steps with these snippets:\n\n@then(u'send email notification')\ndef step_impl(context):\n    raise NotImplementedError(u'STEP: Then send email notification')\n\n"}, "start": 1691291044650, "stop": 1691291044650}], "parameters": [{"name": "mobileno", "value": "8197213803"}, {"name": "password", "value": "EwU938!Lh?ues&"}, {"name": "username", "value": "Shinchan"}, {"name": "product", "value": "sony tv"}], "start": 1691291033948, "stop": 1691291044650, "uuid": "39fce0bd-e569-4da9-aab1-1171ff90c757", "historyId": "faf8f1fda9e7982c15b559c8e1b430ec", "fullName": "Login to Amazon e commerce and product purchase: Get price, description, and offers for a specific TV", "labels": [{"name": "severity", "value": "normal"}, {"name": "feature", "value": "Login to Amazon e commerce and product purchase"}, {"name": "framework", "value": "behave"}, {"name": "language", "value": "cpython3"}]}