{"name": "Get price, description, and offers for a specific TV -- @1.1 ", "status": "broken", "statusDetails": {"message": "selenium.common.exceptions.NoSuchElementException: Message: no such element: Unable to locate element: {\"method\":\"css selector\",\"selector\":\"[id=\"nav-link-accountList-nav-line-1\"]\"}\n  (Session info: chrome=114.0.5735.199); For documentation on this error, please visit: https://www.selenium.dev/documentation/webdriver/troubleshooting/errors#no-such-element-exception\nStacktrace:\nBacktrace:\n\tGetHandleVerifier [0x00C8A813+48355]\n\t(No symbol) [0x00C1C4B1]\n\t(No symbol) [0x00B25358]\n\t(No symbol) [0x00B509A5]\n\t(No symbol) [0x00B50B3B]\n\t(No symbol) [0x00B7E232]\n\t(No symbol) [0x00B6A784]\n\t(No symbol) [0x00B7C922]\n\t(No symbol) [0x00B6A536]\n\t(No symbol) [0x00B482DC]\n\t(No symbol) [0x00B493DD]\n\tGetHandleVerifier [0x00EEAABD+2539405]\n\tGetHandleVerifier [0x00F2A78F+2800735]\n\tGetHandleVerifier [0x00F2456C+2775612]\n\tGetHandleVerifier [0x00D151E0+616112]\n\t(No symbol) [0x00C25F8C]\n\t(No symbol) [0x00C22328]\n\t(No symbol) [0x00C2240B]\n\t(No symbol) [0x00C14FF7]\n\tBaseThreadInitThunk [0x750A00C9+25]\n\tRtlGetAppContainerNamedObjectPath [0x76F37B1E+286]\n\tRtlGetAppContainerNamedObjectPath [0x76F37AEE+238]\n\n", "trace": "  File \"C:\\Users\\Amritha\\AppData\\Local\\Programs\\Python\\Python310\\lib\\site-packages\\behave\\model.py\", line 1329, in run\n    match.run(runner.context)\n  File \"C:\\Users\\Amritha\\AppData\\Local\\Programs\\Python\\Python310\\lib\\site-packages\\behave\\matchers.py\", line 98, in run\n    self.func(context, *args, **kwargs)\n  File \"steps\\login.py\", line 53, in step_impl\n    name = context.driver.find_element(By.ID, \"nav-link-accountList-nav-line-1\").text\n  File \"C:\\Users\\Amritha\\AppData\\Local\\Programs\\Python\\Python310\\lib\\site-packages\\selenium\\webdriver\\remote\\webdriver.py\", line 740, in find_element\n    return self.execute(Command.FIND_ELEMENT, {\"using\": by, \"value\": value})[\"value\"]\n  File \"C:\\Users\\Amritha\\AppData\\Local\\Programs\\Python\\Python310\\lib\\site-packages\\selenium\\webdriver\\remote\\webdriver.py\", line 346, in execute\n    self.error_handler.check_response(response)\n  File \"C:\\Users\\Amritha\\AppData\\Local\\Programs\\Python\\Python310\\lib\\site-packages\\selenium\\webdriver\\remote\\errorhandler.py\", line 245, in check_response\n    raise exception_class(message, screen, stacktrace)\n"}, "steps": [{"name": "Given I launch Chrome browser", "status": "passed", "start": 1689192792472, "stop": 1689192794317}, {"name": "When I visit amazon website", "status": "passed", "start": 1689192794317, "stop": 1689192796243}, {"name": "And Amazon homepage is opened successfully", "status": "passed", "start": 1689192796243, "stop": 1689192796266}, {"name": "And I am on the Amazon e-commerce site", "status": "passed", "start": 1689192796266, "stop": 1689192796266}, {"name": "And I log in with valid phone number or email \"1\" and password \"2\"", "status": "passed", "start": 1689192796268, "stop": 1689192798250}, {"name": "And I should login successfully with \"3\"", "status": "broken", "statusDetails": {"message": "selenium.common.exceptions.NoSuchElementException: Message: no such element: Unable to locate element: {\"method\":\"css selector\",\"selector\":\"[id=\"nav-link-accountList-nav-line-1\"]\"}\n  (Session info: chrome=114.0.5735.199); For documentation on this error, please visit: https://www.selenium.dev/documentation/webdriver/troubleshooting/errors#no-such-element-exception\nStacktrace:\nBacktrace:\n\tGetHandleVerifier [0x00C8A813+48355]\n\t(No symbol) [0x00C1C4B1]\n\t(No symbol) [0x00B25358]\n\t(No symbol) [0x00B509A5]\n\t(No symbol) [0x00B50B3B]\n\t(No symbol) [0x00B7E232]\n\t(No symbol) [0x00B6A784]\n\t(No symbol) [0x00B7C922]\n\t(No symbol) [0x00B6A536]\n\t(No symbol) [0x00B482DC]\n\t(No symbol) [0x00B493DD]\n\tGetHandleVerifier [0x00EEAABD+2539405]\n\tGetHandleVerifier [0x00F2A78F+2800735]\n\tGetHandleVerifier [0x00F2456C+2775612]\n\tGetHandleVerifier [0x00D151E0+616112]\n\t(No symbol) [0x00C25F8C]\n\t(No symbol) [0x00C22328]\n\t(No symbol) [0x00C2240B]\n\t(No symbol) [0x00C14FF7]\n\tBaseThreadInitThunk [0x750A00C9+25]\n\tRtlGetAppContainerNamedObjectPath [0x76F37B1E+286]\n\tRtlGetAppContainerNamedObjectPath [0x76F37AEE+238]\n\n", "trace": "  File \"C:\\Users\\Amritha\\AppData\\Local\\Programs\\Python\\Python310\\lib\\site-packages\\behave\\model.py\", line 1329, in run\n    match.run(runner.context)\n  File \"C:\\Users\\Amritha\\AppData\\Local\\Programs\\Python\\Python310\\lib\\site-packages\\behave\\matchers.py\", line 98, in run\n    self.func(context, *args, **kwargs)\n  File \"steps\\login.py\", line 53, in step_impl\n    name = context.driver.find_element(By.ID, \"nav-link-accountList-nav-line-1\").text\n  File \"C:\\Users\\Amritha\\AppData\\Local\\Programs\\Python\\Python310\\lib\\site-packages\\selenium\\webdriver\\remote\\webdriver.py\", line 740, in find_element\n    return self.execute(Command.FIND_ELEMENT, {\"using\": by, \"value\": value})[\"value\"]\n  File \"C:\\Users\\Amritha\\AppData\\Local\\Programs\\Python\\Python310\\lib\\site-packages\\selenium\\webdriver\\remote\\webdriver.py\", line 346, in execute\n    self.error_handler.check_response(response)\n  File \"C:\\Users\\Amritha\\AppData\\Local\\Programs\\Python\\Python310\\lib\\site-packages\\selenium\\webdriver\\remote\\errorhandler.py\", line 245, in check_response\n    raise exception_class(message, screen, stacktrace)\n"}, "start": 1689192798251, "stop": 1689192798264}, {"name": "And search for the \"SONY 55inch TV\"", "status": "skipped", "start": 1689192798265, "stop": 1689192798265}, {"name": "And click on search button", "status": "skipped", "start": 1689192798265, "stop": 1689192798265}, {"name": "Then find the third product", "status": "skipped", "start": 1689192798265, "stop": 1689192798265}, {"name": "And fetch price of the product", "status": "skipped", "start": 1689192798265, "stop": 1689192798265}, {"name": "And fetch the description of product", "status": "skipped", "start": 1689192798265, "stop": 1689192798265}, {"name": "And click add to cart button", "status": "skipped", "start": 1689192798265, "stop": 1689192798265}, {"name": "And Displays the offers", "status": "skipped", "start": 1689192798265, "stop": 1689192798265}, {"name": "And the user navigates to the reviews section", "status": "skipped", "start": 1689192798265, "stop": 1689192798265}, {"name": "And the user should be able to view the reviews", "status": "skipped", "start": 1689192798265, "stop": 1689192798265}], "parameters": [{"name": "mobileno", "value": "1"}, {"name": "password", "value": "2"}, {"name": "username", "value": "3"}], "start": 1689192792472, "stop": 1689192798265, "uuid": "be28ee4a-918d-40d9-a33e-a9e1f8de313f", "historyId": "b85a2f0c890d928365eb7676c5989bc0", "fullName": "Login to Amazon e commerce and product purchase: Get price, description, and offers for a specific TV", "labels": [{"name": "severity", "value": "normal"}, {"name": "feature", "value": "Login to Amazon e commerce and product purchase"}, {"name": "framework", "value": "behave"}, {"name": "language", "value": "cpython3"}]}